TN:
SF:src/api/index.controllers.ts
FNF:0
FNH:0
DA:1,1
DA:3,1
LF:2
LH:2
BRF:0
BRH:0
end_of_record
TN:
SF:src/api/components/health-check/health-check.controller.ts
FN:13,(anonymous_1)
FNF:1
FNH:1
FNDA:2,(anonymous_1)
DA:1,2
DA:2,2
DA:3,2
DA:13,2
DA:14,2
LF:5
LH:5
BRF:0
BRH:0
end_of_record
TN:
SF:src/api/shared/middleware/error-handler.ts
FN:17,(anonymous_1)
FNF:1
FNH:1
FNDA:4,(anonymous_1)
DA:1,2
DA:5,2
DA:6,2
DA:17,2
DA:24,4
DA:25,1
DA:28,3
DA:29,3
DA:30,3
DA:33,3
DA:39,3
LF:11
LH:11
BRDA:24,0,0,1
BRDA:24,0,1,3
BRDA:28,1,0,3
BRDA:28,1,1,1
BRDA:29,2,0,3
BRDA:29,2,1,1
BRDA:30,3,0,3
BRDA:30,3,1,3
BRF:8
BRH:8
end_of_record
TN:
SF:src/api/shared/middleware/index.ts
FN:9,(anonymous_0)
FN:10,(anonymous_1)
FN:11,(anonymous_2)
FN:12,(anonymous_3)
FN:13,(anonymous_4)
FN:14,(anonymous_5)
FNF:6
FNH:6
FNDA:1,(anonymous_0)
FNDA:1,(anonymous_1)
FNDA:1,(anonymous_2)
FNDA:1,(anonymous_3)
FNDA:1,(anonymous_4)
FNDA:1,(anonymous_5)
DA:1,1
DA:2,1
DA:3,1
DA:4,1
DA:5,1
DA:6,1
DA:9,2
DA:10,2
DA:11,2
DA:12,2
DA:13,2
DA:14,2
LF:12
LH:12
BRF:0
BRH:0
end_of_record
TN:
SF:src/api/shared/middleware/request-logger.ts
FN:14,(anonymous_0)
FNF:1
FNH:1
FNDA:3,(anonymous_0)
DA:2,2
DA:4,2
DA:14,2
DA:15,3
DA:26,3
DA:32,3
LF:6
LH:6
BRF:0
BRH:0
end_of_record
TN:
SF:src/api/shared/middleware/request-rate-limiter.ts
FNF:0
FNH:0
DA:1,2
DA:2,2
DA:11,2
LF:3
LH:3
BRF:0
BRH:0
end_of_record
TN:
SF:src/api/shared/middleware/request-speed-limiter.ts
FNF:0
FNH:0
DA:1,2
DA:3,2
DA:13,2
LF:3
LH:3
BRF:0
BRH:0
end_of_record
TN:
SF:src/api/shared/middleware/set-access-headers.ts
FN:11,(anonymous_0)
FNF:1
FNH:1
FNDA:3,(anonymous_0)
DA:11,2
DA:12,3
DA:13,3
DA:17,3
DA:18,3
LF:5
LH:5
BRF:0
BRH:0
end_of_record
TN:
SF:src/api/shared/middleware/unknown-route-handler.ts
FN:12,(anonymous_1)
FNF:1
FNH:1
FNDA:1,(anonymous_1)
DA:3,2
DA:12,2
DA:13,1
LF:3
LH:3
BRF:0
BRH:0
end_of_record
TN:
SF:src/api/shared/models/errors.ts
FN:13,(anonymous_0)
FNF:1
FNH:1
FNDA:5,(anonymous_0)
DA:9,6
DA:22,5
DA:23,5
DA:24,5
LF:4
LH:4
BRDA:14,0,0,0
BRDA:15,1,0,0
BRDA:16,2,0,4
BRF:3
BRH:1
end_of_record
TN:
SF:src/api/shared/utils/generate-x-request-id.ts
FN:3,(anonymous_0)
FNF:1
FNH:1
FNDA:1,(anonymous_0)
DA:1,3
DA:3,3
DA:4,1
LF:3
LH:3
BRF:0
BRH:0
end_of_record
TN:
SF:src/api/shared/utils/index.ts
FN:8,(anonymous_1)
FN:9,(anonymous_2)
FN:10,(anonymous_3)
FN:11,(anonymous_4)
FNF:4
FNH:2
FNDA:0,(anonymous_1)
FNDA:1,(anonymous_2)
FNDA:0,(anonymous_3)
FNDA:3,(anonymous_4)
DA:1,2
DA:2,2
DA:3,2
DA:4,2
DA:5,2
DA:8,2
DA:9,3
DA:10,2
DA:11,5
DA:12,2
LF:10
LH:10
BRF:0
BRH:0
end_of_record
TN:
SF:src/api/shared/utils/logger.ts
FNF:0
FNH:0
DA:1,3
DA:2,3
DA:3,3
DA:5,3
DA:7,3
DA:20,3
DA:21,3
DA:28,3
LF:8
LH:8
BRDA:20,0,0,3
BRDA:20,0,1,0
BRF:2
BRH:1
end_of_record
TN:
SF:src/api/shared/utils/normalize-port.ts
FN:3,(anonymous_0)
FNF:1
FNH:1
FNDA:4,(anonymous_0)
DA:1,3
DA:3,3
DA:6,4
DA:7,2
DA:10,4
DA:11,2
DA:14,4
DA:15,1
DA:18,3
DA:19,2
DA:22,1
LF:11
LH:11
BRDA:6,0,0,2
BRDA:6,0,1,2
BRDA:10,1,0,2
BRDA:10,1,1,2
BRDA:14,2,0,1
BRDA:14,2,1,3
BRDA:18,3,0,2
BRDA:18,3,1,1
BRF:8
BRH:8
end_of_record
TN:
SF:src/api/shared/utils/responder.ts
FN:5,(anonymous_0)
FN:13,(anonymous_1)
FN:31,(anonymous_2)
FNF:3
FNH:3
FNDA:4,(anonymous_0)
FNDA:2,(anonymous_1)
FNDA:1,(anonymous_2)
DA:2,3
DA:4,3
DA:5,4
DA:22,2
DA:24,2
DA:32,1
DA:34,1
DA:35,1
LF:8
LH:8
BRDA:15,0,0,0
BRDA:16,1,0,0
BRDA:17,2,0,0
BRDA:34,3,0,1
BRDA:34,3,1,0
BRDA:37,4,0,1
BRDA:37,4,1,0
BRDA:38,5,0,1
BRDA:38,5,1,1
BRF:9
BRH:4
end_of_record
TN:
SF:src/api/shared/utils/validation-error-handler.ts
FN:5,(anonymous_1)
FNF:1
FNH:1
FNDA:2,(anonymous_1)
DA:2,3
DA:3,3
DA:5,3
DA:6,2
DA:8,2
DA:9,1
DA:10,1
DA:11,1
DA:14,1
DA:17,3
LF:10
LH:10
BRDA:8,0,0,1
BRDA:8,0,1,1
BRF:2
BRH:2
end_of_record
